<?xml version="1.0" encoding="utf-8"?>
<TestRun id="2240586e-cf9b-4498-b045-503693f3e370" name="@MBLaptop 2024-11-06 15:04:20" xmlns="http://microsoft.com/schemas/VisualStudio/TeamTest/2010">
  <Times creation="2024-11-06T15:04:20.5564773-05:00" queuing="2024-11-06T15:04:20.5564773-05:00" start="2024-11-06T15:04:20.4800154-05:00" finish="2024-11-06T15:04:20.5568475-05:00" />
  <TestSettings name="default" id="6eedc3fc-09fa-40b1-8766-a523d7ccffe8">
    <Deployment runDeploymentRoot="_MBLaptop_2024-11-06_15_04_20" />
  </TestSettings>
  <TestLists>
    <TestList name="Results Not in a List" id="8c84fa94-04c1-424b-9868-57a2d4851a1d" />
    <TestList name="All Loaded Results" id="19431567-8539-422a-85d7-44ee4e166bda" />
  </TestLists>
  <ResultSummary outcome="Failed">
    <Counters total="0" executed="0" passed="0" failed="0" error="0" timeout="0" aborted="0" inconclusive="0" passedButRunAborted="0" notRunnable="0" notExecuted="0" disconnected="0" warning="0" completed="0" inProgress="0" pending="0" />
    <RunInfos>
      <RunInfo computerName="MBLaptop" outcome="Error" timestamp="2024-11-06T15:04:20.5362277-05:00">
        <Text>Testhost process for source(s) '/home/mbrancal/project_C#/MakeADish/MakeADishApi/bin/Debug/net8.0/MakeADishApi.dll' exited with error: Error:
  An assembly specified in the application dependencies manifest (testhost.deps.json) was not found:
    package: 'Microsoft.TestPlatform.CommunicationUtilities', version: '17.8.0-release-23523-03'
    path: 'Microsoft.TestPlatform.CommunicationUtilities.dll'
. Please check the diagnostic logs for more information.</Text>
      </RunInfo>
    </RunInfos>
  </ResultSummary>
</TestRun>